<?xml version="1.0" encoding="UTF-8"?>
<!-- Generated by org.testng.reporters.JUnitXMLReporter -->
<testsuite hostname="xyz-PC" ignored="0" name="Test" tests="4" failures="0" timestamp="23 Sep 2021 04:28:24 GMT" time="51.237" errors="0">
  <testcase name="twoTest" time="9.735" classname="test.TwoTest"/>
  <testcase name="login" time="5.694" classname="test.LoginTest"/>
  <testcase name="login" time="14.891" classname="test.LoginTest"/>
  <testcase name="testFour" time="7.635" classname="test.ThreeTest"/>
</testsuite> <!-- Test -->
